<?xml version="1.0" encoding="UTF-8"?>
<testsuite xmlns:xsi="http://www.w3.org/2001/XMLSchema-instance" xsi:noNamespaceSchemaLocation="https://maven.apache.org/surefire/maven-surefire-plugin/xsd/surefire-test-report.xsd" name="runner.MyRunnerTest" time="129.656" tests="16" errors="0" skipped="0" failures="0">
  <properties>
[...]
</properties>
  <testcase name="Verify that context menu action triggers JavaScrip alert" classname="Context Menu Functionality" time="9.221"/>
  <testcase name="Verify that heading of box A is transferred to box B after action drag and drop" classname="DragAndDrop Functionality" time="6.247"/>
  <testcase name="Verify that user can select option from drop down" classname="DropDown Functionality" time="6.106"/>
  <testcase name="Verify that page retrieve Hello World text when we click on the dynamic loading first element" classname="DynamicLoading Functionality" time="11.593"/>
  <testcase name="Verify that page retrieve Hello World text when we click on the dynamic loading second element" classname="DynamicLoading Functionality" time="13.989"/>
  <testcase name="Login with valid credentials" classname="FormAuthentication Functionality" time="9.247"/>
  <testcase name="Login with valid username and invalid password" classname="FormAuthentication Functionality" time="6.727"/>
  <testcase name="Login with invalid username and valid password" classname="FormAuthentication Functionality" time="6.618"/>
  <testcase name="Login without providing credentials" classname="FormAuthentication Functionality" time="6.343"/>
  <testcase name="Verify that horizontal slider functionality works properly" classname="HorizontalSlider Functionality" time="6.436"/>
  <testcase name="Verify that user name 1 is displayed when user hovers over it" classname="Hovers Functionality" time="6.339"/>
  <testcase name="Verify that user name 2 is displayed when user hovers over it" classname="Hovers Functionality" time="6.185"/>
  <testcase name="Verify that user name 3 is displayed when user hovers over it" classname="Hovers Functionality" time="6.298"/>
  <testcase name="Verify that TAB text is displayed in result when user enters TAB in input box" classname="KeyPresses Functionality" time="5.94"/>
  <testcase name="Verify that ALT text is displayed in result when user enters TAB in input box" classname="KeyPresses Functionality" time="11.899"/>
  <testcase name="Verify that D text is displayed in result when user enters TAB in input box" classname="KeyPresses Functionality" time="6.01"/>
</testsuite>